{
  "RSpec": {
    "coverage": {
      "/Users/aimee/Projects/BankTest/spec/transactions_spec.rb": {
        "lines": [
          1,
          null,
          1,
          1,
          1,
          1,
          null,
          null
        ]
      },
      "/Users/aimee/Projects/BankTest/lib/transactions.rb": {
        "lines": [
          1,
          1,
          1,
          null,
          null,
          1,
          1,
          null,
          null
        ]
      }
    },
    "timestamp": 1674492340
  }
}
